<?xml version="1.0" encoding="UTF-8"?>
<!-- Generated by org.testng.reporters.JUnitXMLReporter -->
<testsuite hostname="Pradeep-PC" ignored="0" name="Default test" tests="3" failures="0" timestamp="14 Feb 2019 03:04:00 GMT" time="65.142" errors="0">
  <testcase name="m5" time="0.014" classname="ranford.demo.com.ranford1.Execution"/>
  <testcase name="m9" time="0.004" classname="ranford.demo.com.ranford1.Execution"/>
  <testcase name="verify_excellogin" time="65.046" classname="ranford.demo.com.ranford1.Execution"/>
</testsuite> <!-- Default test -->
