<?xml version="1.0" encoding="UTF-8"?>
<!-- Generated by org.testng.reporters.JUnitXMLReporter -->
<testsuite hostname="Pradeep-PC" ignored="0" name="Default test" tests="5" failures="0" timestamp="11 Feb 2019 10:42:57 GMT" time="32.773" errors="0">
  <testcase name="m5" time="0.02" classname="ranford.demo.com.ranford1.Execution"/>
  <testcase name="m9" time="0.006" classname="ranford.demo.com.ranford1.Execution"/>
  <testcase name="verify_launch" time="11.083" classname="ranford.demo.com.ranford1.Execution"/>
  <testcase name="verify_login" time="13.787" classname="ranford.demo.com.ranford1.Execution"/>
  <testcase name="verify_brachcreation" time="7.754" classname="ranford.demo.com.ranford1.Execution"/>
</testsuite> <!-- Default test -->
