<?xml version="1.0" encoding="UTF-8"?>
<testng-results skipped="0" failed="0" ignored="0" total="3" passed="3">
  <reporter-output>
    <line>
      <![CDATA[Launch test is pass because my actual url: http://srssprojects.in/ is same as my exptected url: http://srssprojects.in/]]>
    </line>
    <line>
      <![CDATA[Login test is fail because my actual title: KEXIM BANK is not mathcing with my expected url]]>
    </line>
    <line>
      <![CDATA[Launch test is pass because my actual url: http://srssprojects.in/ is same as my exptected url: http://srssprojects.in/]]>
    </line>
    <line>
      <![CDATA[Login test is fail because my actual title: KEXIM BANK is not mathcing with my expected url]]>
    </line>
    <line>
      <![CDATA[Launch test is pass because my actual url: http://srssprojects.in/ is same as my exptected url: http://srssprojects.in/]]>
    </line>
    <line>
      <![CDATA[Login test is fail because my actual title: KEXIM BANK is not mathcing with my expected url]]>
    </line>
    <line>
      <![CDATA[Launch test is pass because my actual url: http://srssprojects.in/ is same as my exptected url: http://srssprojects.in/]]>
    </line>
    <line>
      <![CDATA[Login test is fail because my actual title: KEXIM BANK is not mathcing with my expected url]]>
    </line>
    <line>
      <![CDATA[Launch test is pass because my actual url: http://srssprojects.in/ is same as my exptected url: http://srssprojects.in/]]>
    </line>
    <line>
      <![CDATA[Login test is fail because my actual title: KEXIM BANK is not mathcing with my expected url]]>
    </line>
  </reporter-output>
  <suite name="Default suite" duration-ms="65142" started-at="2019-02-14T03:02:55Z" finished-at="2019-02-14T03:04:00Z">
    <groups>
    </groups>
    <test name="Default test" duration-ms="65142" started-at="2019-02-14T03:02:55Z" finished-at="2019-02-14T03:04:00Z">
      <class name="ranford.demo.com.ranford1.Execution">
        <test-method status="PASS" signature="m1()[pri:0, instance:ranford.demo.com.ranford1.Execution@29774679]" name="m1" is-config="true" duration-ms="32" started-at="2019-02-14T03:02:55Z" finished-at="2019-02-14T03:02:55Z">
          <reporter-output>
          </reporter-output>
        </test-method> <!-- m1 -->
        <test-method status="PASS" signature="m4()[pri:0, instance:ranford.demo.com.ranford1.Execution@29774679]" name="m4" is-config="true" duration-ms="0" started-at="2019-02-14T03:02:55Z" finished-at="2019-02-14T03:02:55Z">
          <reporter-output>
          </reporter-output>
        </test-method> <!-- m4 -->
        <test-method status="PASS" signature="m2()[pri:0, instance:ranford.demo.com.ranford1.Execution@29774679]" name="m2" is-config="true" duration-ms="0" started-at="2019-02-14T03:02:55Z" finished-at="2019-02-14T03:02:55Z">
          <reporter-output>
          </reporter-output>
        </test-method> <!-- m2 -->
        <test-method status="PASS" signature="m3()[pri:0, instance:ranford.demo.com.ranford1.Execution@29774679]" name="m3" is-config="true" duration-ms="1" started-at="2019-02-14T03:02:55Z" finished-at="2019-02-14T03:02:55Z">
          <reporter-output>
          </reporter-output>
        </test-method> <!-- m3 -->
        <test-method status="PASS" signature="m5()[pri:0, instance:ranford.demo.com.ranford1.Execution@29774679]" name="m5" duration-ms="14" started-at="2019-02-14T03:02:55Z" finished-at="2019-02-14T03:02:55Z">
          <reporter-output>
          </reporter-output>
        </test-method> <!-- m5 -->
        <test-method status="PASS" signature="m6()[pri:0, instance:ranford.demo.com.ranford1.Execution@29774679]" name="m6" is-config="true" duration-ms="1" started-at="2019-02-14T03:02:55Z" finished-at="2019-02-14T03:02:55Z">
          <reporter-output>
          </reporter-output>
        </test-method> <!-- m6 -->
        <test-method status="PASS" signature="m3()[pri:0, instance:ranford.demo.com.ranford1.Execution@29774679]" name="m3" is-config="true" duration-ms="1" started-at="2019-02-14T03:02:55Z" finished-at="2019-02-14T03:02:55Z">
          <reporter-output>
          </reporter-output>
        </test-method> <!-- m3 -->
        <test-method status="PASS" signature="m9()[pri:0, instance:ranford.demo.com.ranford1.Execution@29774679]" name="m9" duration-ms="4" started-at="2019-02-14T03:02:55Z" finished-at="2019-02-14T03:02:55Z">
          <reporter-output>
          </reporter-output>
        </test-method> <!-- m9 -->
        <test-method status="PASS" signature="m6()[pri:0, instance:ranford.demo.com.ranford1.Execution@29774679]" name="m6" is-config="true" duration-ms="0" started-at="2019-02-14T03:02:55Z" finished-at="2019-02-14T03:02:55Z">
          <reporter-output>
          </reporter-output>
        </test-method> <!-- m6 -->
        <test-method status="PASS" signature="m3()[pri:0, instance:ranford.demo.com.ranford1.Execution@29774679]" name="m3" is-config="true" duration-ms="4" started-at="2019-02-14T03:02:55Z" finished-at="2019-02-14T03:02:55Z">
          <reporter-output>
          </reporter-output>
        </test-method> <!-- m3 -->
        <test-method status="PASS" signature="verify_excellogin()[pri:1, instance:ranford.demo.com.ranford1.Execution@29774679]" name="verify_excellogin" duration-ms="65046" started-at="2019-02-14T03:02:55Z" finished-at="2019-02-14T03:04:00Z">
          <reporter-output>
            <line>
              <![CDATA[Launch test is pass because my actual url: http://srssprojects.in/ is same as my exptected url: http://srssprojects.in/]]>
            </line>
            <line>
              <![CDATA[Login test is fail because my actual title: KEXIM BANK is not mathcing with my expected url]]>
            </line>
            <line>
              <![CDATA[Launch test is pass because my actual url: http://srssprojects.in/ is same as my exptected url: http://srssprojects.in/]]>
            </line>
            <line>
              <![CDATA[Login test is fail because my actual title: KEXIM BANK is not mathcing with my expected url]]>
            </line>
            <line>
              <![CDATA[Launch test is pass because my actual url: http://srssprojects.in/ is same as my exptected url: http://srssprojects.in/]]>
            </line>
            <line>
              <![CDATA[Login test is fail because my actual title: KEXIM BANK is not mathcing with my expected url]]>
            </line>
            <line>
              <![CDATA[Launch test is pass because my actual url: http://srssprojects.in/ is same as my exptected url: http://srssprojects.in/]]>
            </line>
            <line>
              <![CDATA[Login test is fail because my actual title: KEXIM BANK is not mathcing with my expected url]]>
            </line>
            <line>
              <![CDATA[Launch test is pass because my actual url: http://srssprojects.in/ is same as my exptected url: http://srssprojects.in/]]>
            </line>
            <line>
              <![CDATA[Login test is fail because my actual title: KEXIM BANK is not mathcing with my expected url]]>
            </line>
          </reporter-output>
        </test-method> <!-- verify_excellogin -->
        <test-method status="PASS" signature="m6()[pri:0, instance:ranford.demo.com.ranford1.Execution@29774679]" name="m6" is-config="true" duration-ms="0" started-at="2019-02-14T03:04:00Z" finished-at="2019-02-14T03:04:00Z">
          <reporter-output>
          </reporter-output>
        </test-method> <!-- m6 -->
        <test-method status="PASS" signature="m7()[pri:0, instance:ranford.demo.com.ranford1.Execution@29774679]" name="m7" is-config="true" duration-ms="0" started-at="2019-02-14T03:04:00Z" finished-at="2019-02-14T03:04:00Z">
          <reporter-output>
          </reporter-output>
        </test-method> <!-- m7 -->
        <test-method status="PASS" signature="m8()[pri:0, instance:ranford.demo.com.ranford1.Execution@29774679]" name="m8" is-config="true" duration-ms="1" started-at="2019-02-14T03:04:00Z" finished-at="2019-02-14T03:04:00Z">
          <reporter-output>
          </reporter-output>
        </test-method> <!-- m8 -->
      </class> <!-- ranford.demo.com.ranford1.Execution -->
    </test> <!-- Default test -->
  </suite> <!-- Default suite -->
</testng-results>
